PRT1
175
553
4 0 114 (448 0 445 ) (0 0 445 ) (0 0 224 ) (448 0 224 ) 
4 0 97 (736 0 445 ) (448 0 445 ) (448 0 224 ) (736 0 224 ) 
4 0 45 (0 0 224 ) (0 0 445 ) (0 880 445 ) (0 880 224 ) 
3 0 42 (128 84 224 ) (64 84 224 ) (64 148 224 ) 
4 0 43 (256 84 224 ) (256 0 224 ) (64 0 224 ) (64 84 224 ) 
3 0 40 (64 468 224 ) (96 468 224 ) (64 372 224 ) 
4 0 41 (256 320 224 ) (256 256 224 ) (64 256 224 ) (64 320 224 ) 
4 0 44 (0 0 224 ) (0 468 224 ) (64 468 224 ) (64 0 224 ) 
3 0 37 (448 116 224 ) (448 84 224 ) (352 84 224 ) 
4 0 38 (448 84 224 ) (448 0 224 ) (320 0 224 ) (320 84 224 ) 
4 0 36 (448 320 224 ) (448 256 224 ) (320 256 224 ) (320 320 224 ) 
4 0 39 (256 468 224 ) (320 468 224 ) (320 0 224 ) (256 0 224 ) 
4 0 33 (448 468 224 ) (454 468 224 ) (454 436 224 ) (448 436 224 ) 
4 0 35 (454 436 224 ) (454 0 224 ) (448 0 224 ) (448 436 224 ) 
4 0 24 (454 468 224 ) (538 468 224 ) (538 0 224 ) (454 0 224 ) 
4 0 22 (0 691.995667 224 ) (0 698 224 ) (60.351353 852 224 ) (64.001526 852 224 ) 
5 0 21 (0 468 224 ) (0 691.995667 224 ) (64.001526 852 224 ) (538 852 224 ) (538 468 224 ) 
3 0 20 (0 698 224 ) (0 852 224 ) (60.351353 852 224 ) 
4 0 12 (592 30 224 ) (704 30 224 ) (704 4 224 ) (592 4 224 ) 
4 0 13 (538 4 224 ) (538 30 224 ) (592 30 224 ) (592 4 224 ) 
4 0 14 (704 0 224 ) (538 0 224 ) (538 4 224 ) (704 4 224 ) 
4 0 6 (538 436 224 ) (538 468 224 ) (544 468 224 ) (544 436 224 ) 
4 0 5 (538 468 224 ) (538 852 224 ) (544 852 224 ) (544 468 224 ) 
4 0 7 (544 30 224 ) (538 30 224 ) (538 436 224 ) (544 436 224 ) 
4 0 2 (704 30 224 ) (592 30 224 ) (592 36 224 ) (704 36 224 ) 
4 0 1 (592 36 224 ) (592 836 224 ) (704 724 224 ) (704 36 224 ) 
5 0 4 (592 30 224 ) (544 30 224 ) (544 852 224 ) (576 852 224 ) (592 836 224 ) 
4 1 3 (592 36 80 ) (592 36 32 ) (704 36 32 ) (704 36 96 ) 
4 1 2 (592 36 224 ) (592 36 80 ) (704 36 96 ) (704 36 224 ) 
4 1 4 (592 836.005859 224 ) (592 836.005859 32 ) (592 36 32 ) (592 36 224 ) 
4 2 12 (704 30 96 ) (704 30 224 ) (592 30 224 ) (592 30 80 ) 
4 2 4 (592 30 80 ) (592 30 224 ) (592 36 224 ) (592 36 80 ) 
4 2 3 (592 30 80 ) (592 36 80 ) (704 36 96 ) (704 30 96 ) 
4 3 15 (592 30 32 ) (704 30 32 ) (704 30 38 ) (592 30 38 ) 
4 3 9 (698 30 90 ) (598 30 77 ) (598 30 38 ) (698 30 38 ) 
4 3 8 (704 30 38 ) (704 30 90.779999 ) (698 30 90 ) (698 30 38 ) 
4 3 4 (592 36 32 ) (592 30 32 ) (592 30 80 ) (592 36 80 ) 
4 4 17 (544 30 32 ) (592 30 32 ) (592 30 38 ) (544 30 38 ) 
4 4 13 (592 30 76.220001 ) (592 30 224 ) (544 30 224 ) (544 30 69.979996 ) 
4 4 11 (592 30 38 ) (592 30 76.220001 ) (544 30 69.979996 ) (544 30 38 ) 
4 4 6 (544 436 112 ) (544 436 224 ) (544 468 224 ) (544 468 112 ) 
4 4 5 (544 852 224 ) (544 852 32 ) (544 468 32 ) (544 468 224 ) 
4 4 7 (544 436 32 ) (544 30 32 ) (544 30 224 ) (544 436 224 ) 
4 5 21 (538 852 32 ) (538 468 32 ) (538 468 224 ) (538 852 224 ) 
4 5 6 (538 468 224 ) (538 468 112 ) (544 468 112 ) (544 468 224 ) 
4 6 24 (538 436 112 ) (538 436 224 ) (538 468 224 ) (538 468 112 ) 
4 6 7 (538 436 224 ) (538 436 112 ) (544 436 112 ) (544 436 224 ) 
4 7 32 (538 436 32 ) (538 30 32 ) (538 30 106 ) (538 436 106 ) 
4 7 27 (538 30 106 ) (538 30 112 ) (538 436 112 ) (538 436 106 ) 
4 7 24 (538 30 112 ) (538 30 224 ) (538 436 224 ) (538 436 112 ) 
4 7 17 (538 30 38 ) (538 30 32 ) (544 30 32 ) (544 30 38 ) 
4 7 13 (538 30 224 ) (538 30 69.199997 ) (544 30 69.980003 ) (544 30 224 ) 
4 7 11 (538 30 69.199997 ) (538 30 38 ) (544 30 38 ) (544 30 69.980003 ) 
4 8 15 (698 30 38 ) (704 30 38 ) (704 4 38 ) (698 4 38 ) 
4 8 10 (698 10 38 ) (698 4 38 ) (698 4 90 ) (698 10 90 ) 
4 8 9 (698 30 38 ) (698 10 38 ) (698 10 90 ) (698 30 90 ) 
4 8 14 (698 4 38 ) (704 4 38 ) (704 4 90.779999 ) (698 4 90 ) 
4 9 15 (598 30 38 ) (698 30 38 ) (698 10 38 ) (598 10 38 ) 
4 9 10 (598 10 76.996094 ) (598 10 38 ) (698 10 38 ) (698 10 90 ) 
4 10 15 (698 10 38 ) (698 4 38 ) (598 4 38 ) (598 10 38 ) 
4 10 14 (598 4 38 ) (698 4 38 ) (698 4 90 ) (598 4 77 ) 
4 11 32 (538 30 69.199997 ) (538 30 38 ) (538 4 38 ) (538 4 69.200005 ) 
4 11 17 (538 4 38 ) (538 30 38 ) (592 30 38 ) (592 4 38 ) 
4 11 13 (538 4 69.199997 ) (592 4 76.220001 ) (592 30 76.220001 ) (538 30 69.199997 ) 
4 11 14 (538 4 69.199997 ) (538 4 38 ) (592 4 38 ) (592 4 76.220001 ) 
4 12 13 (592 30 224 ) (592 30 80 ) (592 4 80 ) (592 4 224 ) 
4 12 14 (704 4 96 ) (704 4 224 ) (592 4 224 ) (592 4 80 ) 
4 13 32 (538 30 106 ) (538 30 69.199997 ) (538 4 69.200005 ) (538 4 106 ) 
4 13 27 (538 30 112 ) (538 30 106 ) (538 4 106 ) (538 4 112 ) 
4 13 24 (538 4 224 ) (538 30 224 ) (538 30 112 ) (538 4 112 ) 
4 13 14 (538 4 224 ) (538 4 69.199997 ) (592 4 76.220001 ) (592 4 224 ) 
4 14 99 (544 0 224 ) (538 0 224 ) (538 0 38 ) (544 0 38 ) 
4 14 98 (704 0 224 ) (544 0 224 ) (544 0 38 ) (704 0 38 ) 
4 14 32 (538 0 38 ) (538 0 106 ) (538 4 106 ) (538 4 38 ) 
4 14 27 (538 0 106 ) (538 0 112 ) (538 4 112 ) (538 4 106 ) 
4 14 24 (538 0 112 ) (538 0 224 ) (538 4 224 ) (538 4 112 ) 
4 14 16 (592 4 38 ) (704 4 38 ) (704 0 38 ) (592 0 38 ) 
4 14 17 (538 0 38 ) (538 4 38 ) (592 4 38 ) (592 0 38 ) 
4 15 17 (592 4 38 ) (592 30 38 ) (592 30 32 ) (592 4 32 ) 
4 15 16 (592 4 38 ) (592 4 32 ) (704 4 32 ) (704 4 38 ) 
4 16 98 (592 0 32 ) (704 0 32 ) (704 0 38 ) (592 0 38 ) 
4 16 17 (592 0 38 ) (592 4 38 ) (592 4 32 ) (592 0 32 ) 
4 17 99 (538 0 38 ) (538 0 32 ) (544 0 32 ) (544 0 38 ) 
4 17 98 (544 0 32 ) (592 0 32 ) (592 0 38 ) (544 0 38 ) 
4 17 32 (538 30 32 ) (538 0 32 ) (538 0 38 ) (538 30 38 ) 
4 18 46 (0 852 220.432434 ) (0 852 32 ) (0 846 32 ) (0 846 218 ) 
4 18 23 (58 846 32 ) (60.351563 852 32 ) (60.351563 852 220.432434 ) (58 846 218 ) 
4 18 19 (58 846 38 ) (58 846 218.001953 ) (0 846 218.001953 ) (0 846 38 ) 
4 19 47 (0 698 38 ) (0 698 158 ) (0 846 218 ) (0 846 38 ) 
4 19 23 (58 846 38 ) (58 846 218 ) (0 698 158 ) (0 698 38 ) 
4 20 48 (0 698 224 ) (0 852 224 ) (0 852 223.998001 ) (0 698 162.398544 ) 
4 20 22 (60.351563 852 223.998001 ) (60.351563 852 224 ) (0 698 224 ) (0 698 162.398315 ) 
4 21 52 (0 468 224 ) (0 691.995667 224 ) (0 691.995667 32 ) (0 468 32 ) 
4 21 40 (64 468 32 ) (96 468 32 ) (96 468 224 ) (64 468 224 ) 
4 21 44 (0 468 32 ) (64 468 32 ) (64 468 224 ) (0 468 224 ) 
4 21 39 (256 468 32 ) (320 468 32 ) (320 468 224 ) (256 468 224 ) 
4 21 34 (448 468 32 ) (454 468 32 ) (454 468 112 ) (448 468 112 ) 
4 21 33 (454 468 112 ) (454 468 224 ) (448 468 224 ) (448 468 112 ) 
4 21 28 (454 468 32 ) (538 468 32 ) (538 468 106 ) (454 468 106 ) 
4 21 25 (538 468 106 ) (538 468 112 ) (454 468 112 ) (454 468 106 ) 
4 21 24 (538 468 112 ) (538 468 224 ) (454 468 224 ) (454 468 112 ) 
4 21 23 (64 852 223.998001 ) (64 852 32 ) (0 691.997803 32 ) (0 691.997864 159.997726 ) 
4 21 22 (64 852 224 ) (64 852 223.998001 ) (0 691.997864 159.997726 ) (0 691.997864 224 ) 
4 22 54 (0 691.995667 224 ) (0 698 224 ) (0 698 162.398544 ) (0 691.995667 159.996857 ) 
4 22 23 (64.001953 852 224 ) (0 691.994385 159.998047 ) (0 697.995605 162.397949 ) (60.353058 852 224 ) 
4 23 55 (0 698 162.398544 ) (0 698 32 ) (0 691.995667 32 ) (0 691.995667 159.996857 ) 
4 24 102 (538 0 224 ) (454 0 224 ) (454 0 112 ) (538 0 112 ) 
4 24 33 (454 468 224 ) (454 468 112 ) (454 436 112 ) (454 436 224 ) 
4 24 35 (454 436 112 ) (454 0 112 ) (454 0 224 ) (454 436 224 ) 
4 24 27 (454 0 112 ) (454 436 112 ) (538 436 112 ) (538 0 112 ) 
4 24 26 (454 436 112 ) (454 442 112 ) (538 442 112 ) (538 436 112 ) 
4 24 25 (454 462 112 ) (454 468 112 ) (538 468 112 ) (538 462 112 ) 
4 25 34 (454 468 112 ) (454 468 106 ) (454 462 106 ) (454 462 112 ) 
4 25 28 (454 462 106 ) (454 468 106 ) (538 468 106 ) (538 462 106 ) 
4 26 34 (454 442 106 ) (454 436 106 ) (454 436 112 ) (454 442 112 ) 
4 26 31 (454 436 106 ) (454 442 106 ) (538 442 106 ) (538 436 106 ) 
4 26 27 (454 436 106 ) (538 436 106 ) (538 436 112 ) (454 436 112 ) 
4 27 102 (454 0 112 ) (454 0 106 ) (538 0 106 ) (538 0 112 ) 
4 27 35 (454 436 106 ) (454 0 106 ) (454 0 112 ) (454 436 112 ) 
4 27 32 (454 0 106 ) (454 436 106 ) (538 436 106 ) (538 0 106 ) 
4 28 34 (454 468 106 ) (454 468 32 ) (454 462 32 ) (454 462 106 ) 
4 28 30 (538 462 32 ) (538 462 38 ) (454 462 38 ) (454 462 32 ) 
4 28 29 (538 462 38 ) (538 462 106 ) (454 462 106 ) (454 462 38 ) 
4 29 34 (454 442 38 ) (454 442 106 ) (454 462 106 ) (454 462 38 ) 
4 29 31 (538 442 38 ) (538 442 106 ) (454 442 106 ) (454 442 38 ) 
4 29 30 (538 442 38 ) (454 442 38 ) (454 462 38 ) (538 462 38 ) 
4 30 34 (454 462 32 ) (454 442 32 ) (454 442 38 ) (454 462 38 ) 
4 30 31 (538 442 32 ) (538 442 38 ) (454 442 38 ) (454 442 32 ) 
4 31 34 (454 442 32 ) (454 436 32 ) (454 436 106 ) (454 442 106 ) 
4 31 32 (538 436 32 ) (538 436 106 ) (454 436 106 ) (454 436 32 ) 
4 32 106 (454 0 106 ) (454 0 32 ) (538 0 32 ) (538 0 106 ) 
4 32 35 (454 436 32 ) (454 0 32 ) (454 0 106 ) (454 436 106 ) 
4 33 35 (448 436 224 ) (448 436 112 ) (454 436 112 ) (454 436 224 ) 
4 33 34 (454 436 112 ) (448 436 112 ) (448 468 112 ) (454 468 112 ) 
4 34 35 (448 436 112 ) (448 436 32 ) (454 436 32 ) (454 436 112 ) 
4 35 106 (448 0 106 ) (448 0 32 ) (454 0 32 ) (454 0 106 ) 
4 35 102 (454 0 224 ) (448 0 224 ) (448 0 106 ) (454 0 106 ) 
4 35 37 (448 116 32 ) (448 84 32 ) (448 84 224 ) (448 116 224 ) 
4 35 38 (448 84 32 ) (448 0 32 ) (448 0 224 ) (448 84 224 ) 
4 35 36 (448 320 32 ) (448 256 32 ) (448 256 224 ) (448 320 224 ) 
4 36 39 (320 320 32 ) (320 256 32 ) (320 256 224 ) (320 320 224 ) 
4 37 38 (352 84 32 ) (448 84 32 ) (448 84 224 ) (352 84 224 ) 
4 38 115 (448 0 224 ) (320 0 224 ) (320 0 32 ) (448 0 32 ) 
4 38 39 (320 84 32 ) (320 0 32 ) (320 0 224 ) (320 84 224 ) 
4 39 118 (320 0 224 ) (256 0 224 ) (256 0 32 ) (320 0 32 ) 
4 39 43 (256 84 32 ) (256 0 32 ) (256 0 224 ) (256 84 224 ) 
4 39 41 (256 320 32 ) (256 256 32 ) (256 256 224 ) (256 320 224 ) 
4 40 44 (64 468 224 ) (64 468 32 ) (64 372 32 ) (64 372 224 ) 
4 41 44 (64 320 32 ) (64 256 32 ) (64 256 224 ) (64 320 224 ) 
4 42 43 (64 84 224 ) (64 84 32 ) (128 84 32 ) (128 84 224 ) 
4 42 44 (64 148 32 ) (64 84 32 ) (64 84 224 ) (64 148 224 ) 
4 43 119 (256 0 224 ) (64 0 224 ) (64 0 32 ) (256 0 32 ) 
4 43 44 (64 84 32 ) (64 0 32 ) (64 0 224 ) (64 84 224 ) 
4 44 123 (64 0 224 ) (0 0 224 ) (0 0 32 ) (64 0 32 ) 
4 44 56 (0 0 32 ) (0 0 224 ) (0 468 224 ) (0 468 32 ) 
4 45 159 (-454 0 445 ) (-736 0 445 ) (-736 0 224 ) (-454 0 224 ) 
4 45 136 (0 0 224 ) (0 0 445 ) (-454 0 445 ) (-454 0 224 ) 
4 45 94 (-704 4 224 ) (-704 36 224 ) (-698 36 224 ) (-698 4 224 ) 
4 45 93 (-704 36 224 ) (-704 468 224 ) (-698 468 224 ) (-698 36 224 ) 
4 45 96 (-698 0 224 ) (-704 0 224 ) (-704 4 224 ) (-698 4 224 ) 
4 45 90 (-698 4 224 ) (-698 10 224 ) (-598 10 224 ) (-598 4 224 ) 
4 45 92 (-598 0 224 ) (-698 0 224 ) (-698 4 224 ) (-598 4 224 ) 
4 45 89 (-698 10 224 ) (-698 30 224 ) (-598 30 224 ) (-598 10 224 ) 
4 45 87 (-698 30 224 ) (-698 36 224 ) (-598 36 224 ) (-598 30 224 ) 
4 45 86 (-698 36 224 ) (-698 468 224 ) (-598 468 224 ) (-598 36 224 ) 
4 45 65 (-544 436 224 ) (-544 468 224 ) (-448 468 224 ) (-448 436 224 ) 
4 45 66 (-448 0 224 ) (-544 0 224 ) (-544 436 224 ) (-448 436 224 ) 
4 45 67 (-544 0 224 ) (-598 0 224 ) (-598 468 224 ) (-544 468 224 ) 
3 45 63 (-448 84 224 ) (-448 116 224 ) (-352 84 224 ) 
4 45 62 (-448 256 224 ) (-448 320 224 ) (-320 320 224 ) (-320 256 224 ) 
4 45 64 (-320 0 224 ) (-448 0 224 ) (-448 84 224 ) (-320 84 224 ) 
3 45 59 (-64 148 224 ) (-64 84 224 ) (-128 84 224 ) 
4 45 58 (-256 256 224 ) (-256 320 224 ) (-64 320 224 ) (-64 256 224 ) 
4 45 60 (-64 0 224 ) (-256 0 224 ) (-256 84 224 ) (-64 84 224 ) 
3 45 57 (-96 468 224 ) (-64 468 224 ) (-64 372 224 ) 
4 45 56 (0 0 224 ) (-64 0 224 ) (-64 468 224 ) (0 468 224 ) 
4 45 61 (-256 0 224 ) (-320 0 224 ) (-320 468 224 ) (-256 468 224 ) 
4 45 54 (0 698 224 ) (0 691.995667 224 ) (-0.001693 691.991455 224 ) (-1.190254 694.962769 224 ) 
4 45 53 (-0.001693 691.991455 224 ) (-89.597961 468 224 ) (-90.135132 468 224 ) (-1.190254 694.962769 224 ) 
3 45 52 (0 691.995667 224 ) (0 468 224 ) (-89.597961 468 224 ) 
4 45 50 (-64.005829 852 224 ) (-60.351379 852 224 ) (0 698 224 ) (-1.190256 694.962769 224 ) 
6 45 49 (-576 852 224 ) (-64.005829 852 224 ) (-1.190256 694.962769 224 ) (-90.135132 468 224 ) (-704 468 224 ) (-704 724 224 ) 
3 45 48 (-60.351379 852 224 ) (0 852 224 ) (0 698 224 ) 
4 46 51 (-60.351379 852 220.432434 ) (-60.351379 852 32 ) (-58 846 32 ) (-58 846 218 ) 
4 46 47 (0 846 218.001953 ) (-58 846 218.001953 ) (-58 846 38 ) (0 846 38 ) 
4 47 51 (0 698 38 ) (0 698 158 ) (-58 846 218 ) (-58 846 38 ) 
4 48 50 (-60.351379 852 224 ) (-60.351379 852 223.998001 ) (0 698 162.398514 ) (0 698 224 ) 
4 49 93 (-704 468 32 ) (-698 468 32 ) (-698 468 224 ) (-704 468 224 ) 
4 49 86 (-598 468 77 ) (-598 468 224 ) (-698 468 224 ) (-698 468 90 ) 
4 49 80 (-698 468 32 ) (-598 468 32 ) (-598 468 77 ) (-698 468 90 ) 
4 49 77 (-598 468 32 ) (-592 468 32 ) (-592 468 106 ) (-598 468 106 ) 
4 49 76 (-592 468 32 ) (-544 468 32 ) (-544 468 106 ) (-592 468 106 ) 
4 49 70 (-538 468 32 ) (-454 468 32 ) (-454 468 106 ) (-538 468 106 ) 
4 49 68 (-454 468 32 ) (-448 468 32 ) (-448 468 106 ) (-454 468 106 ) 
4 49 65 (-448 468 112 ) (-448 468 224 ) (-544 468 224 ) (-544 468 112 ) 
4 49 67 (-544 468 224 ) (-598 468 224 ) (-598 468 106 ) (-544 468 106 ) 
4 49 57 (-96 468 32 ) (-90.135132 468 32 ) (-90.135132 468 224 ) (-96 468 224 ) 
4 49 61 (-320 468 32 ) (-256 468 32 ) (-256 468 224 ) (-320 468 224 ) 
4 49 53 (-90.134209 468 224 ) (-90.134209 468 32 ) (-1.189728 694.961548 32 ) (-1.189729 694.961548 224 ) 
4 49 51 (-1.192380 694.966797 161.185272 ) (-1.192382 694.966797 32 ) (-64.006180 852 32 ) (-64.006180 852 223.998001 ) 
4 49 50 (-1.192379 694.966797 224 ) (-1.192380 694.966797 161.185272 ) (-64.006180 852 223.998001 ) (-64.006180 852 224 ) 
4 50 54 (0 697.997742 162.397675 ) (0 697.997742 224 ) (-1.189729 694.961548 224 ) (-1.189728 694.961548 161.183212 ) 
4 50 51 (-1.195313 694.964844 161.185547 ) (-64.010056 852 224 ) (-60.351364 852 224 ) (-0.002930 698.007446 162.402588 ) 
4 51 55 (-1.189728 694.961548 32 ) (0 697.997742 32 ) (0 697.997742 162.397675 ) (-1.189728 694.961548 161.183212 ) 
4 52 57 (-89.597961 468 32 ) (-64 468 32 ) (-64 468 224 ) (-89.597961 468 224 ) 
4 52 56 (-64 468 32 ) (0 468 32 ) (0 468 224 ) (-64 468 224 ) 
4 52 53 (0 691.997253 32 ) (-89.598541 468 32 ) (-89.598541 468 224 ) (0 691.997253 224 ) 
4 53 57 (-90.135132 468 32 ) (-89.597961 468 32 ) (-89.597961 468 224 ) (-90.135132 468 224 ) 
4 53 55 (0 691.990234 159.994690 ) (0 691.990234 32 ) (-1.190722 694.964111 32 ) (-1.190723 694.964111 161.184235 ) 
4 53 54 (0 691.990234 224 ) (0 691.990234 159.994690 ) (-1.190723 694.964111 161.184235 ) (-1.190724 694.964111 224 ) 
3 54 55 (-0.001953 691.984375 159.992188 ) (-1.191782 694.958923 161.181992 ) (0 698 162.398407 ) 
4 56 137 (0 0 32 ) (0 0 224 ) (-64 0 224 ) (-64 0 32 ) 
4 56 59 (-64 148 32 ) (-64 84 32 ) (-64 84 224 ) (-64 148 224 ) 
4 56 58 (-64 320 32 ) (-64 256 32 ) (-64 256 224 ) (-64 320 224 ) 
4 56 60 (-64 84 32 ) (-64 0 32 ) (-64 0 224 ) (-64 84 224 ) 
4 56 57 (-64 468 224 ) (-64 468 32 ) (-64 372 32 ) (-64 372 224 ) 
4 58 61 (-256 320 32 ) (-256 256 32 ) (-256 256 224 ) (-256 320 224 ) 
4 59 60 (-128 84 32 ) (-64 84 32 ) (-64 84 224 ) (-128 84 224 ) 
4 60 138 (-64 0 224 ) (-256 0 224 ) (-256 0 32 ) (-64 0 32 ) 
4 60 61 (-256 84 32 ) (-256 0 32 ) (-256 0 224 ) (-256 84 224 ) 
4 61 142 (-256 0 224 ) (-320 0 224 ) (-320 0 32 ) (-256 0 32 ) 
4 61 62 (-320 320 32 ) (-320 256 32 ) (-320 256 224 ) (-320 320 224 ) 
4 61 64 (-320 84 32 ) (-320 0 32 ) (-320 0 224 ) (-320 84 224 ) 
4 62 69 (-448 320 32 ) (-448 256 32 ) (-448 256 106 ) (-448 320 106 ) 
4 62 66 (-448 256 106 ) (-448 256 224 ) (-448 320 224 ) (-448 320 106 ) 
4 63 69 (-448 116 32 ) (-448 84 32 ) (-448 84 106 ) (-448 116 106 ) 
4 63 66 (-448 84 106 ) (-448 84 224 ) (-448 116 224 ) (-448 116 106 ) 
4 63 64 (-448 84 224 ) (-448 84 32 ) (-352 84 32 ) (-352 84 224 ) 
4 64 143 (-320 0 224 ) (-448 0 224 ) (-448 0 32 ) (-320 0 32 ) 
4 64 69 (-448 84 32 ) (-448 0 32 ) (-448 0 106 ) (-448 84 106 ) 
4 64 66 (-448 0 106 ) (-448 0 224 ) (-448 84 224 ) (-448 84 106 ) 
4 65 66 (-544 436 224 ) (-544 436 112 ) (-448 436 112 ) (-448 436 224 ) 
4 65 67 (-544 468 224 ) (-544 468 112 ) (-544 436 112 ) (-544 436 224 ) 
4 66 171 (-538 0 224 ) (-544 0 224 ) (-544 0 106 ) (-538 0 106 ) 
4 66 160 (-454 0 224 ) (-538 0 224 ) (-538 0 106 ) (-454 0 106 ) 
4 66 146 (-448 0 224 ) (-454 0 224 ) (-454 0 106 ) (-448 0 106 ) 
4 66 75 (-538 0 106 ) (-544 0 106 ) (-544 436 106 ) (-538 436 106 ) 
4 66 74 (-454 0 106 ) (-538 0 106 ) (-538 436 106 ) (-454 436 106 ) 
4 66 69 (-448 436 106 ) (-448 0 106 ) (-454 0 106 ) (-454 436 106 ) 
4 66 67 (-544 436 106 ) (-544 0 106 ) (-544 0 224 ) (-544 436 224 ) 
4 67 174 (-544 0 224 ) (-598 0 224 ) (-598 0 106 ) (-544 0 106 ) 
4 67 90 (-598 10 106 ) (-598 4 106 ) (-598 4 224 ) (-598 10 224 ) 
4 67 92 (-598 4 106 ) (-598 0 106 ) (-598 0 224 ) (-598 4 224 ) 
4 67 89 (-598 30 106 ) (-598 10 106 ) (-598 10 224 ) (-598 30 224 ) 
4 67 87 (-598 36 106 ) (-598 30 106 ) (-598 30 224 ) (-598 36 224 ) 
4 67 86 (-598 468 224 ) (-598 468 106 ) (-598 36 106 ) (-598 36 224 ) 
4 67 78 (-598 4 106 ) (-598 36 106 ) (-592 36 106 ) (-592 4 106 ) 
4 67 77 (-598 36 106 ) (-598 468 106 ) (-592 468 106 ) (-592 36 106 ) 
4 67 79 (-598 0 106 ) (-598 4 106 ) (-592 4 106 ) (-592 0 106 ) 
4 67 76 (-592 468 106 ) (-544 468 106 ) (-544 0 106 ) (-592 0 106 ) 
4 68 73 (-454 436 106 ) (-454 442 106 ) (-454 442 32 ) (-454 436 32 ) 
4 68 72 (-454 462 38 ) (-454 462 32 ) (-454 442 32 ) (-454 442 38 ) 
4 68 71 (-454 442 106 ) (-454 462 106 ) (-454 462 38 ) (-454 442 38 ) 
4 68 70 (-454 462 106 ) (-454 468 106 ) (-454 468 32 ) (-454 462 32 ) 
4 68 69 (-454 436 106 ) (-454 436 32 ) (-448 436 32 ) (-448 436 106 ) 
4 69 146 (-454 0 32 ) (-448 0 32 ) (-448 0 106 ) (-454 0 106 ) 
4 69 74 (-454 0 106 ) (-454 436 106 ) (-454 436 32 ) (-454 0 32 ) 
4 70 72 (-538 462 38 ) (-538 462 32 ) (-454 462 32 ) (-454 462 38 ) 
4 70 71 (-538 462 106 ) (-538 462 38 ) (-454 462 38 ) (-454 462 106 ) 
4 71 73 (-538 442 106 ) (-538 442 38 ) (-454 442 38 ) (-454 442 106 ) 
4 71 72 (-454 442 38 ) (-538 442 38 ) (-538 462 38 ) (-454 462 38 ) 
4 72 73 (-538 442 38 ) (-538 442 32 ) (-454 442 32 ) (-454 442 38 ) 
4 73 74 (-538 436 106 ) (-538 436 32 ) (-454 436 32 ) (-454 436 106 ) 
4 74 164 (-538 0 32 ) (-454 0 32 ) (-454 0 106 ) (-538 0 106 ) 
4 74 75 (-538 0 106 ) (-538 436 106 ) (-538 436 32 ) (-538 0 32 ) 
4 75 171 (-544 0 32 ) (-538 0 32 ) (-538 0 106 ) (-544 0 106 ) 
4 75 76 (-544 0 106 ) (-544 436 106 ) (-544 436 32 ) (-544 0 32 ) 
4 76 174 (-592 0 32 ) (-544 0 32 ) (-544 0 106 ) (-592 0 106 ) 
4 76 78 (-592 4 106 ) (-592 36 106 ) (-592 36 80 ) (-592 4 80 ) 
4 76 77 (-592 36 106 ) (-592 468 106 ) (-592 468 32 ) (-592 36 32 ) 
4 76 79 (-592 0 106 ) (-592 4 106 ) (-592 4 32 ) (-592 0 32 ) 
4 77 86 (-598 468 106 ) (-598 468 77 ) (-598 36 77 ) (-598 36 106 ) 
4 77 80 (-598 468 77 ) (-598 468 32 ) (-598 36 32 ) (-598 36 77 ) 
4 77 78 (-592 36 80 ) (-592 36 106 ) (-598 36 106 ) (-598 36 80.857147 ) 
4 78 90 (-598 4 80.857147 ) (-598 4 106 ) (-598 10 106 ) (-598 10 80.857147 ) 
4 78 89 (-598 10 106 ) (-598 30 106 ) (-598 30 80.857147 ) (-598 10 80.857147 ) 
4 78 87 (-598 30 106 ) (-598 36 106 ) (-598 36 80.857147 ) (-598 30 80.857147 ) 
4 78 79 (-592 4 80 ) (-592 4 106 ) (-598 4 106 ) (-598 4 80.857147 ) 
4 79 174 (-598 0 106 ) (-598 0 32 ) (-592 0 32 ) (-592 0 106 ) 
4 79 92 (-598 0 77 ) (-598 0 106 ) (-598 4 106 ) (-598 4 77 ) 
4 79 85 (-598 4 32 ) (-598 0 32 ) (-598 0 77 ) (-598 4 77 ) 
4 80 93 (-698 468 90 ) (-698 468 32 ) (-698 36 32 ) (-698 36 90 ) 
4 80 86 (-698 468 90 ) (-698 36 90 ) (-598 36 77 ) (-598 468 77 ) 
4 80 81 (-598 36 32 ) (-598 36 77 ) (-698 36 90 ) (-698 36 32 ) 
4 81 95 (-698 36 32 ) (-698 30 32 ) (-698 30 90 ) (-698 36 90 ) 
4 81 88 (-698 36 90 ) (-698 30 90 ) (-598 30 77 ) (-598 36 77 ) 
4 81 83 (-598 30 32 ) (-598 30 38 ) (-698 30 38 ) (-698 30 32 ) 
4 81 82 (-598 30 38 ) (-598 30 77 ) (-698 30 90 ) (-698 30 38 ) 
4 82 95 (-698 10 38 ) (-698 10 90 ) (-698 30 90 ) (-698 30 38 ) 
4 82 84 (-598 10 38 ) (-598 10 77 ) (-698 10 90 ) (-698 10 38 ) 
4 82 83 (-598 10 38 ) (-698 10 38 ) (-698 30 38 ) (-598 30 38 ) 
4 83 95 (-698 30 32 ) (-698 10 32 ) (-698 10 38 ) (-698 30 38 ) 
4 83 84 (-598 10 32 ) (-598 10 38 ) (-698 10 38 ) (-698 10 32 ) 
4 84 95 (-698 10 32 ) (-698 4 32 ) (-698 4 90 ) (-698 10 90 ) 
4 84 91 (-698 10 90 ) (-698 4 90 ) (-598 4 77 ) (-598 10 77 ) 
4 84 85 (-598 4 32 ) (-598 4 77 ) (-698 4 90 ) (-698 4 32 ) 
4 85 174 (-698 0 90 ) (-698 0 32 ) (-598 0 32 ) (-598 0 77 ) 
4 85 96 (-698 4 32 ) (-698 0 32 ) (-698 0 90 ) (-698 4 90 ) 
4 85 92 (-698 4 90 ) (-698 0 90 ) (-598 0 77 ) (-598 4 77 ) 
4 86 93 (-698 468 224 ) (-698 468 90 ) (-698 36 90 ) (-698 36 224 ) 
4 86 88 (-698 36 95.142853 ) (-698 36 90 ) (-598 36 77 ) (-598 36 80.857147 ) 
4 86 87 (-698 36 224 ) (-698 36 95.142853 ) (-598 36 80.857147 ) (-598 36 224 ) 
4 87 94 (-698 30 95.142860 ) (-698 30 224 ) (-698 36 224 ) (-698 36 95.142853 ) 
4 87 89 (-698 30 224 ) (-698 30 95.142853 ) (-598 30 80.857147 ) (-598 30 224 ) 
4 87 88 (-598 30 80.856590 ) (-698 30 95.142303 ) (-698 36 95.142578 ) (-598 36 80.856796 ) 
4 88 95 (-698 36 90 ) (-698 30 90 ) (-698 30 95.142860 ) (-698 36 95.142853 ) 
4 89 94 (-698 10 95.142860 ) (-698 10 224 ) (-698 30 224 ) (-698 30 95.142853 ) 
4 89 90 (-698 10 224 ) (-698 10 95.142853 ) (-598 10 80.857147 ) (-598 10 224 ) 
4 90 94 (-698 4 95.142860 ) (-698 4 224 ) (-698 10 224 ) (-698 10 95.142853 ) 
4 90 92 (-698 4 224 ) (-698 4 95.142853 ) (-598 4 80.857147 ) (-598 4 224 ) 
4 90 91 (-598 4 80.856590 ) (-698 4 95.142303 ) (-698 10 95.142578 ) (-598 10 80.856796 ) 
4 91 95 (-698 10 90 ) (-698 4 90 ) (-698 4 95.142860 ) (-698 10 95.142853 ) 
4 91 92 (-698 4 95.142853 ) (-698 4 90 ) (-598 4 77 ) (-598 4 80.857147 ) 
4 92 174 (-598 0 224 ) (-698 0 224 ) (-698 0 90 ) (-598 0 77 ) 
4 92 96 (-698 4 90 ) (-698 0 90 ) (-698 0 224 ) (-698 4 224 ) 
4 93 95 (-704 36 96 ) (-704 36 32 ) (-698 36 32 ) (-698 36 95.142860 ) 
4 93 94 (-704 36 224 ) (-704 36 96 ) (-698 36 95.142860 ) (-698 36 224 ) 
4 94 96 (-704 4 224 ) (-704 4 96 ) (-698 4 95.142860 ) (-698 4 224 ) 
4 94 95 (-698 4 95.141602 ) (-704 4 95.998741 ) (-704 36 95.998047 ) (-698 36 95.141602 ) 
4 95 96 (-704 4 96 ) (-704 4 32 ) (-698 4 32 ) (-698 4 95.142860 ) 
4 96 174 (-698 0 224 ) (-704 0 224 ) (-704 0 32 ) (-698 0 32 ) 
4 97 135 (448 -812 224 ) (448 -832 224 ) (448 -832 445 ) (448 -812 445 ) 
4 97 132 (448 -806 224 ) (448 -812 224 ) (448 -812 445 ) (448 -806 445 ) 
4 97 129 (448 -428 224 ) (448 -806 224 ) (448 -806 445 ) (448 -428 445 ) 
4 97 114 (448 0 445 ) (448 0 224 ) (448 -428 224 ) (448 -428 445 ) 
4 97 111 (448 -428 224 ) (448 -422 224 ) (538 -422 224 ) (538 -428 224 ) 
4 97 113 (448 -812 224 ) (448 -428 224 ) (538 -428 224 ) (538 -812 224 ) 
4 97 105 (448 -422 224 ) (448 -402 224 ) (538 -402 224 ) (538 -422 224 ) 
4 97 103 (448 -402 224 ) (448 -396 224 ) (538 -396 224 ) (538 -402 224 ) 
4 97 102 (448 -396 224 ) (448 0 224 ) (538 0 224 ) (538 -396 224 ) 
4 97 100 (544 -396 224 ) (544 -428 224 ) (538 -428 224 ) (538 -396 224 ) 
4 97 99 (538 0 224 ) (544 0 224 ) (544 -396 224 ) (538 -396 224 ) 
4 97 101 (544 -428 224 ) (544 -812 224 ) (538 -812 224 ) (538 -428 224 ) 
5 97 98 (544 0 224 ) (704 0 224 ) (704 -684 224 ) (576 -812 224 ) (544 -812 224 ) 
4 98 100 (544 -428 112 ) (544 -428 224 ) (544 -396 224 ) (544 -396 112 ) 
4 98 99 (544 0 32 ) (544 -396 32 ) (544 -396 224 ) (544 0 224 ) 
4 98 101 (544 -428 32 ) (544 -812 32 ) (544 -812 224 ) (544 -428 224 ) 
4 99 106 (538 0 32 ) (538 -396 32 ) (538 -396 106 ) (538 0 106 ) 
4 99 102 (538 -396 106 ) (538 -396 224 ) (538 0 224 ) (538 0 106 ) 
4 99 100 (538 -396 224 ) (538 -396 112 ) (544 -396 112 ) (544 -396 224 ) 
4 100 111 (538 -428 112 ) (538 -428 224 ) (538 -422 224 ) (538 -422 112 ) 
4 100 105 (538 -422 224 ) (538 -402 224 ) (538 -402 112 ) (538 -422 112 ) 
4 100 103 (538 -402 224 ) (538 -396 224 ) (538 -396 112 ) (538 -402 112 ) 
4 100 101 (538 -428 224 ) (538 -428 112 ) (544 -428 112 ) (544 -428 224 ) 
4 101 113 (538 -428 32 ) (538 -812 32 ) (538 -812 224 ) (538 -428 224 ) 
4 102 116 (448 -44 106 ) (448 -76 106 ) (448 -76 224 ) (448 -44 224 ) 
4 102 115 (448 0 224 ) (448 0 106 ) (448 -44 106 ) (448 -44 224 ) 
4 102 117 (448 -192 106 ) (448 -256 106 ) (448 -256 224 ) (448 -192 224 ) 
4 102 106 (448 -396 106 ) (448 0 106 ) (538 0 106 ) (538 -396 106 ) 
4 102 104 (448 -396 106 ) (538 -396 106 ) (538 -396 112 ) (448 -396 112 ) 
4 102 103 (538 -396 112 ) (538 -396 224 ) (448 -396 224 ) (448 -396 112 ) 
4 103 105 (538 -402 112 ) (538 -402 224 ) (448 -402 224 ) (448 -402 112 ) 
4 103 104 (538 -402 112 ) (448 -402 112 ) (448 -396 112 ) (538 -396 112 ) 
4 104 107 (448 -402 106 ) (448 -396 106 ) (538 -396 106 ) (538 -402 106 ) 
4 105 111 (538 -422 112 ) (538 -422 224 ) (448 -422 224 ) (448 -422 112 ) 
4 106 116 (448 -44 32 ) (448 -76 32 ) (448 -76 106 ) (448 -44 106 ) 
4 106 115 (448 0 106 ) (448 0 32 ) (448 -44 32 ) (448 -44 106 ) 
4 106 117 (448 -192 32 ) (448 -256 32 ) (448 -256 106 ) (448 -192 106 ) 
4 106 107 (538 -396 32 ) (538 -396 106 ) (448 -396 106 ) (448 -396 32 ) 
4 107 109 (454 -402 106 ) (448 -402 106 ) (448 -402 38 ) (454 -402 38 ) 
4 107 108 (538 -402 38 ) (538 -402 106 ) (454 -402 106 ) (454 -402 38 ) 
4 107 110 (538 -402 32 ) (538 -402 38 ) (448 -402 38 ) (448 -402 32 ) 
4 108 112 (538 -422 38 ) (538 -422 106 ) (454 -422 106 ) (454 -422 38 ) 
4 108 110 (538 -422 38 ) (454 -422 38 ) (454 -402 38 ) (538 -402 38 ) 
4 108 109 (454 -402 106 ) (454 -402 38 ) (454 -422 38 ) (454 -422 106 ) 
4 109 112 (454 -422 106 ) (448 -422 106 ) (448 -422 38 ) (454 -422 38 ) 
4 109 110 (454 -422 38 ) (448 -422 38 ) (448 -402 38 ) (454 -402 38 ) 
4 110 112 (538 -422 32 ) (538 -422 38 ) (448 -422 38 ) (448 -422 32 ) 
4 111 113 (538 -428 112 ) (538 -428 224 ) (448 -428 224 ) (448 -428 112 ) 
4 111 112 (538 -428 112 ) (448 -428 112 ) (448 -422 112 ) (538 -422 112 ) 
4 112 113 (538 -428 32 ) (538 -428 112 ) (448 -428 112 ) (448 -428 32 ) 
5 113 133 (448 -806 32 ) (448 -812 32 ) (448 -812 224 ) (448 -811.995056 224 ) (448 -806 221.602005 ) 
3 113 132 (448 -811.995056 224 ) (448 -806 224 ) (448 -806 221.602005 ) 
4 113 131 (448 -428 32 ) (448 -806 32 ) (448 -806 38 ) (448 -428 38 ) 
4 113 129 (448 -806 218 ) (448 -806 224 ) (448 -428 224 ) (448 -428 64.756729 ) 
4 113 124 (448 -806 38 ) (448 -806 218 ) (448 -428 64.756729 ) (448 -428 38 ) 
4 114 136 (0 0 445 ) (0 0 224 ) (0 -428 224 ) (0 -428 445 ) 
4 114 129 (448 -428 224 ) (448 -428 445 ) (0 -428 445 ) (0 -428 224 ) 
3 114 122 (96 -428 224 ) (64 -428 224 ) (64 -332 224 ) 
3 114 120 (64 -108 224 ) (64 -44 224 ) (128 -44 224 ) 
4 114 119 (64 -44 224 ) (64 0 224 ) (256 0 224 ) (256 -44 224 ) 
4 114 121 (64 -256 224 ) (64 -192 224 ) (256 -192 224 ) (256 -256 224 ) 
4 114 118 (320 -428 224 ) (256 -428 224 ) (256 0 224 ) (320 0 224 ) 
4 114 123 (64 -428 224 ) (0 -428 224 ) (0 0 224 ) (64 0 224 ) 
3 114 116 (352 -44 224 ) (448 -44 224 ) (448 -76 224 ) 
4 114 115 (320 -44 224 ) (320 0 224 ) (448 0 224 ) (448 -44 224 ) 
4 114 117 (320 -256 224 ) (320 -192 224 ) (448 -192 224 ) (448 -256 224 ) 
4 115 118 (320 0 32 ) (320 -44 32 ) (320 -44 224 ) (320 0 224 ) 
4 115 116 (352 -44 32 ) (448 -44 32 ) (448 -44 224 ) (352 -44 224 ) 
4 117 118 (320 -192 32 ) (320 -256 32 ) (320 -256 224 ) (320 -192 224 ) 
4 118 131 (256 -428 32 ) (320 -428 32 ) (320 -428 38 ) (256 -428 38 ) 
4 118 129 (320 -428 64.756729 ) (320 -428 224 ) (256 -428 224 ) (256 -428 64.756729 ) 
4 118 124 (320 -428 38 ) (320 -428 64.756729 ) (256 -428 64.756729 ) (256 -428 38 ) 
4 118 119 (256 0 32 ) (256 -44 32 ) (256 -44 224 ) (256 0 224 ) 
4 118 121 (256 -192 32 ) (256 -256 32 ) (256 -256 224 ) (256 -192 224 ) 
4 119 120 (64 -44 224 ) (64 -44 32 ) (128 -44 32 ) (128 -44 224 ) 
4 119 123 (64 0 32 ) (64 -44 32 ) (64 -44 224 ) (64 0 224 ) 
4 120 123 (64 -44 32 ) (64 -108 32 ) (64 -108 224 ) (64 -44 224 ) 
4 121 123 (64 -192 32 ) (64 -256 32 ) (64 -256 224 ) (64 -192 224 ) 
4 122 131 (64 -428 32 ) (96 -428 32 ) (96 -428 38 ) (64 -428 38 ) 
4 122 129 (96 -428 64.756729 ) (96 -428 224 ) (64 -428 224 ) (64 -428 64.756729 ) 
4 122 127 (90.135132 -428 64.756729 ) (64 -428 64.756729 ) (64 -428 38 ) (90.135132 -428 38 ) 
4 122 124 (96 -428 38 ) (96 -428 64.756729 ) (90.135132 -428 64.756729 ) (90.135132 -428 38 ) 
4 122 123 (64 -332 32 ) (64 -428 32 ) (64 -428 224 ) (64 -332 224 ) 
4 123 137 (0 0 224 ) (0 0 32 ) (0 -428 32 ) (0 -428 224 ) 
4 123 131 (0 -428 32 ) (64 -428 32 ) (64 -428 38 ) (0 -428 38 ) 
4 123 129 (64 -428 64.756729 ) (64 -428 224 ) (0 -428 224 ) (0 -428 64.756729 ) 
4 123 127 (64 -428 38 ) (64 -428 64.756729 ) (0 -428 64.756729 ) (0 -428 38 ) 
4 124 133 (61.600014 -806 38 ) (448 -806 38 ) (448 -806 218 ) (61.600037 -806 218 ) 
5 124 131 (448 -806 38 ) (61.600037 -806 38 ) (1.187781 -654.969116 38 ) (90.135147 -428 38 ) (448 -428 38 ) 
5 124 129 (448 -428 64.758369 ) (90.135132 -428 64.758369 ) (1.187782 -654.969116 156.772980 ) (61.600014 -806 218.001770 ) (448 -806 218.001770 ) 
4 124 127 (1.188624 -654.971191 156.768448 ) (90.136368 -428 64.753479 ) (90.136246 -428 38 ) (1.188339 -654.970520 38 ) 
4 124 126 (1.188474 -654.970703 156.769531 ) (1.188476 -654.970703 38 ) (61.600067 -806 38 ) (61.599609 -806 217.998047 ) 
4 125 150 (0 -806 38 ) (0 -806 218 ) (0 -658 158 ) (0 -658 38 ) 
4 125 134 (0 -806 218 ) (0 -806 38 ) (58 -806 38 ) (58 -806 218 ) 
4 125 126 (58 -806 38 ) (0 -658 38 ) (0 -658 158 ) (58 -806 218 ) 
4 126 134 (58 -806 38 ) (61.600014 -806 38 ) (61.600037 -806 218 ) (58 -806 218 ) 
4 126 128 (0 -658.004272 157.998062 ) (1.188624 -654.971191 156.768448 ) (1.188339 -654.970520 38 ) (0 -658.002808 38 ) 
4 127 149 (0 -652 155.567413 ) (0 -428 64.756714 ) (0 -428 38 ) (0 -652 38 ) 
4 127 131 (0 -652 38 ) (0 -428 38 ) (90.135147 -428 38 ) (1.187782 -654.969116 38 ) 
4 127 129 (90.135132 -428 64.758369 ) (0 -428 64.758369 ) (0 -652 155.569153 ) (1.187781 -654.969116 156.772980 ) 
4 127 128 (1.188476 -654.970703 38 ) (1.188474 -654.970703 156.773438 ) (0 -652 155.568893 ) (0 -652 38 ) 
4 128 151 (0 -658 158 ) (0 -652 155.567413 ) (0 -652 38 ) (0 -658 38 ) 
4 129 152 (0 -428 224 ) (0 -428 64.756714 ) (0 -652 155.567398 ) (0 -652 224 ) 
4 129 136 (0 -652 445 ) (0 -428 445 ) (0 -428 224 ) (0 -652 224 ) 
4 129 133 (61.600014 -806 218 ) (448 -806 218 ) (448 -806 221.602020 ) (61.600014 -806 221.602020 ) 
4 129 132 (448 -806 221.602020 ) (448 -806 445 ) (61.600037 -806 445 ) (61.600014 -806 221.602020 ) 
4 129 130 (61.598614 -806 221.602005 ) (61.599289 -806 445 ) (0 -652.001465 445 ) (0 -652.003601 160.004059 ) 
4 130 153 (0 -806 221.602020 ) (0 -806 224 ) (0 -652 224 ) (0 -652 160.002441 ) 
4 130 136 (0 -806 224 ) (0 -806 445 ) (0 -652 445 ) (0 -652 224 ) 
4 130 132 (0 -806 445 ) (0 -806 221.602020 ) (61.600014 -806 221.602020 ) (61.600037 -806 445 ) 
4 131 154 (0 -428 32 ) (0 -652 32 ) (0 -652 38 ) (0 -428 38 ) 
4 131 133 (61.600014 -806 32 ) (448 -806 32 ) (448 -806 38 ) (61.600037 -806 38 ) 
4 132 155 (0 -812 224.001984 ) (0 -812 445 ) (0 -806 445 ) (0 -806 221.602005 ) 
4 132 135 (448 -812 224.001984 ) (448 -812 445 ) (0 -812 445 ) (0 -812 224.001984 ) 
4 132 134 (64 -812 224 ) (0 -812 224 ) (0 -806 221.601761 ) (61.600014 -806 221.601761 ) 
4 132 133 (448 -812 224 ) (64 -812 224 ) (61.600014 -806 221.601761 ) (448 -806 221.601776 ) 
4 133 134 (63.998051 -812 32 ) (63.998047 -812 224 ) (61.598053 -806 221.600021 ) (61.598057 -806 32 ) 
4 134 157 (0 -806 32 ) (0 -812 32 ) (0 -812 224.001984 ) (0 -806 221.602005 ) 
4 135 158 (0 -832 445 ) (0 -812 445 ) (0 -812 224 ) (0 -832 224 ) 
4 136 159 (-454 0 445 ) (-454 0 224 ) (-454 -806 224 ) (-454 -806 445 ) 
4 136 155 (0 -806 445 ) (-454 -806 445 ) (-454 -806 224 ) (0 -806 224 ) 
3 136 153 (0 -806 224 ) (-61.600006 -806 224 ) (0 -652 224 ) 
5 136 152 (-61.600006 -806 224 ) (-454 -806 224 ) (-454 -428 224 ) (0 -428 224 ) (0 -652 224 ) 
4 136 147 (-454 -428 224 ) (-454 -396 224 ) (-448 -396 224 ) (-448 -428 224 ) 
4 136 146 (-454 -396 224 ) (-454 0 224 ) (-448 0 224 ) (-448 -396 224 ) 
3 136 144 (-448 -76 224 ) (-448 -44 224 ) (-352 -44 224 ) 
4 136 143 (-448 0 224 ) (-320 0 224 ) (-320 -44 224 ) (-448 -44 224 ) 
4 136 145 (-320 -192 224 ) (-320 -256 224 ) (-448 -256 224 ) (-448 -192 224 ) 
3 136 141 (-64 -332 224 ) (-64 -428 224 ) (-96 -428 224 ) 
3 136 139 (-64 -44 224 ) (-64 -108 224 ) (-128 -44 224 ) 
4 136 138 (-256 0 224 ) (-64 0 224 ) (-64 -44 224 ) (-256 -44 224 ) 
4 136 140 (-64 -192 224 ) (-64 -256 224 ) (-256 -256 224 ) (-256 -192 224 ) 
4 136 137 (-64 0 224 ) (0 0 224 ) (0 -428 224 ) (-64 -428 224 ) 
4 136 142 (-320 0 224 ) (-256 0 224 ) (-256 -428 224 ) (-320 -428 224 ) 
4 137 154 (-64 -428 38 ) (-64 -428 32 ) (0 -428 32 ) (0 -428 38 ) 
4 137 152 (0 -428 224 ) (-64 -428 224 ) (-64 -428 64.756729 ) (0 -428 64.756729 ) 
4 137 149 (-64 -428 64.756729 ) (-64 -428 38 ) (0 -428 38 ) (0 -428 64.756729 ) 
4 137 141 (-64 -332 32 ) (-64 -428 32 ) (-64 -428 224 ) (-64 -332 224 ) 
4 137 139 (-64 -44 32 ) (-64 -108 32 ) (-64 -108 224 ) (-64 -44 224 ) 
4 137 138 (-64 0 32 ) (-64 -44 32 ) (-64 -44 224 ) (-64 0 224 ) 
4 137 140 (-64 -192 32 ) (-64 -256 32 ) (-64 -256 224 ) (-64 -192 224 ) 
4 138 139 (-128 -44 32 ) (-64 -44 32 ) (-64 -44 224 ) (-128 -44 224 ) 
4 138 142 (-256 0 32 ) (-256 -44 32 ) (-256 -44 224 ) (-256 0 224 ) 
4 140 142 (-256 -192 32 ) (-256 -256 32 ) (-256 -256 224 ) (-256 -192 224 ) 
4 141 154 (-96 -428 38 ) (-96 -428 32 ) (-64 -428 32 ) (-64 -428 38 ) 
4 141 152 (-64 -428 224 ) (-96 -428 224 ) (-96 -428 64.756729 ) (-64 -428 64.756729 ) 
4 141 149 (-96 -428 64.756729 ) (-96 -428 38 ) (-64 -428 38 ) (-64 -428 64.756729 ) 
4 142 154 (-320 -428 38 ) (-320 -428 32 ) (-256 -428 32 ) (-256 -428 38 ) 
4 142 152 (-256 -428 224 ) (-320 -428 224 ) (-320 -428 64.756729 ) (-256 -428 64.756729 ) 
4 142 149 (-320 -428 64.756729 ) (-320 -428 38 ) (-256 -428 38 ) (-256 -428 64.756729 ) 
4 142 143 (-320 0 32 ) (-320 -44 32 ) (-320 -44 224 ) (-320 0 224 ) 
4 142 145 (-320 -192 32 ) (-320 -256 32 ) (-320 -256 224 ) (-320 -192 224 ) 
4 143 146 (-448 0 32 ) (-448 -44 32 ) (-448 -44 224 ) (-448 0 224 ) 
4 143 144 (-448 -44 224 ) (-448 -44 32 ) (-352 -44 32 ) (-352 -44 224 ) 
4 144 146 (-448 -44 32 ) (-448 -76 32 ) (-448 -76 224 ) (-448 -44 224 ) 
4 145 146 (-448 -192 32 ) (-448 -256 32 ) (-448 -256 224 ) (-448 -192 224 ) 
4 146 164 (-454 0 106 ) (-454 0 32 ) (-454 -396 32 ) (-454 -396 106 ) 
4 146 160 (-454 0 224 ) (-454 0 106 ) (-454 -396 106 ) (-454 -396 224 ) 
4 146 148 (-448 -396 32 ) (-448 -396 112 ) (-454 -396 112 ) (-454 -396 32 ) 
4 146 147 (-448 -396 112 ) (-448 -396 224 ) (-454 -396 224 ) (-454 -396 112 ) 
4 147 168 (-454 -428 112 ) (-454 -428 224 ) (-454 -422 224 ) (-454 -422 112 ) 
4 147 163 (-454 -422 224 ) (-454 -402 224 ) (-454 -402 112 ) (-454 -422 112 ) 
4 147 161 (-454 -402 224 ) (-454 -396 224 ) (-454 -396 112 ) (-454 -402 112 ) 
4 147 152 (-448 -428 224 ) (-454 -428 224 ) (-454 -428 112 ) (-448 -428 112 ) 
4 147 148 (-454 -396 112 ) (-448 -396 112 ) (-448 -428 112 ) (-454 -428 112 ) 
4 148 169 (-454 -422 32 ) (-454 -428 32 ) (-454 -428 112 ) (-454 -422 112 ) 
4 148 167 (-454 -402 32 ) (-454 -422 32 ) (-454 -422 38 ) (-454 -402 38 ) 
4 148 166 (-454 -422 38 ) (-454 -422 106 ) (-454 -402 106 ) (-454 -402 38 ) 
4 148 165 (-454 -396 32 ) (-454 -402 32 ) (-454 -402 106 ) (-454 -396 106 ) 
4 148 162 (-454 -402 112 ) (-454 -396 112 ) (-454 -396 106 ) (-454 -402 106 ) 
4 148 154 (-454 -428 38 ) (-454 -428 32 ) (-448 -428 32 ) (-448 -428 38 ) 
4 148 152 (-454 -428 112 ) (-454 -428 64.756729 ) (-448 -428 64.756729 ) (-448 -428 112 ) 
4 148 149 (-454 -428 64.756729 ) (-454 -428 38 ) (-448 -428 38 ) (-448 -428 64.756729 ) 
4 149 170 (-454 -806 38 ) (-454 -806 218 ) (-454 -428 64.756729 ) (-454 -428 38 ) 
4 149 156 (-454 -806 218 ) (-454 -806 38 ) (-61.600006 -806 38 ) (-61.600006 -806 218 ) 
5 149 154 (-61.600006 -806 38 ) (-454 -806 38 ) (-454 -428 38 ) (0 -428 38 ) (0 -652 38 ) 
5 149 152 (0 -428 64.759056 ) (-454 -428 64.759048 ) (-454 -806 218.002960 ) (-61.600006 -806 218.002975 ) (0 -652 155.570251 ) 
4 149 151 (-61.599609 -806 38 ) (0 -652.002197 38 ) (0 -652.003906 155.567535 ) (-61.598450 -806 217.998398 ) 
4 150 157 (-58 -806 38 ) (0 -806 38 ) (0 -806 218 ) (-58 -806 218 ) 
4 150 151 (0 -658.001038 38 ) (-58 -806 38 ) (-57.998112 -806 218.001251 ) (0 -658.004517 158.003006 ) 
4 151 157 (-61.600006 -806 38 ) (-58 -806 38 ) (-58 -806 218 ) (-61.600006 -806 218 ) 
4 152 170 (-454 -806 218 ) (-454 -806 224 ) (-454 -428 224 ) (-454 -428 64.756729 ) 
4 152 156 (-454 -806 221.602005 ) (-454 -806 218 ) (-61.600006 -806 218 ) (-61.600006 -806 221.602005 ) 
4 152 155 (-454 -806 224 ) (-454 -806 221.602005 ) (-61.600006 -806 221.602005 ) (-61.600006 -806 224 ) 
4 152 153 (0 -652 160.002655 ) (0 -652 224 ) (-61.599632 -806 224 ) (-61.599636 -806 221.602005 ) 
4 153 155 (0 -806 221.602005 ) (0 -806 224 ) (-61.600006 -806 224 ) (-61.600006 -806 221.602005 ) 
4 154 170 (-454 -428 32 ) (-454 -806 32 ) (-454 -806 38 ) (-454 -428 38 ) 
4 154 156 (-454 -806 38 ) (-454 -806 32 ) (-61.600006 -806 32 ) (-61.600006 -806 38 ) 
3 155 170 (-454 -806 224 ) (-454 -806 221.602005 ) (-454 -811.995056 224 ) 
5 155 159 (-454 -812 224.001984 ) (-454 -812 445 ) (-454 -806 445 ) (-454 -806 224 ) (-454 -811.995056 224 ) 
4 155 158 (0 -812 445 ) (-454 -812 445 ) (-454 -812 224.001984 ) (0 -812 224.001984 ) 
4 155 157 (0 -812 224 ) (-64 -812 224 ) (-61.600006 -806 221.601776 ) (0 -806 221.601776 ) 
4 155 156 (-64 -812 224 ) (-454 -812 224 ) (-454 -806 221.601761 ) (-61.600006 -806 221.601776 ) 
4 156 170 (-454 -806 32 ) (-454 -812 32 ) (-454 -812 224.001984 ) (-454 -806 221.602005 ) 
4 156 157 (-61.599609 -806 32 ) (-61.599609 -806 221.601563 ) (-64 -812 224.001953 ) (-64 -812 32 ) 
4 158 159 (-454 -832 445 ) (-454 -812 445 ) (-454 -812 224 ) (-454 -832 224 ) 
5 159 174 (-704 0 224 ) (-544 0 224 ) (-544 -812 224 ) (-576 -812 224 ) (-704 -684 224 ) 
4 159 172 (-538 -396 224 ) (-538 -428 224 ) (-544 -428 224 ) (-544 -396 224 ) 
4 159 171 (-544 0 224 ) (-538 0 224 ) (-538 -396 224 ) (-544 -396 224 ) 
4 159 173 (-538 -428 224 ) (-538 -812 224 ) (-544 -812 224 ) (-544 -428 224 ) 
4 159 168 (-454 -422 224 ) (-454 -428 224 ) (-538 -428 224 ) (-538 -422 224 ) 
4 159 170 (-454 -428 224 ) (-454 -812 224 ) (-538 -812 224 ) (-538 -428 224 ) 
4 159 163 (-454 -402 224 ) (-454 -422 224 ) (-538 -422 224 ) (-538 -402 224 ) 
4 159 161 (-454 -396 224 ) (-454 -402 224 ) (-538 -402 224 ) (-538 -396 224 ) 
4 159 160 (-538 0 224 ) (-454 0 224 ) (-454 -396 224 ) (-538 -396 224 ) 
4 160 171 (-538 -396 224 ) (-538 0 224 ) (-538 0 106 ) (-538 -396 106 ) 
4 160 164 (-538 -396 106 ) (-538 0 106 ) (-454 0 106 ) (-454 -396 106 ) 
4 160 162 (-538 -396 112 ) (-538 -396 106 ) (-454 -396 106 ) (-454 -396 112 ) 
4 160 161 (-538 -396 224 ) (-538 -396 112 ) (-454 -396 112 ) (-454 -396 224 ) 
4 161 172 (-538 -402 224 ) (-538 -396 224 ) (-538 -396 112 ) (-538 -402 112 ) 
4 161 163 (-538 -402 224 ) (-538 -402 112 ) (-454 -402 112 ) (-454 -402 224 ) 
4 161 162 (-454 -402 112 ) (-538 -402 112 ) (-538 -396 112 ) (-454 -396 112 ) 
4 162 165 (-538 -402 106 ) (-538 -396 106 ) (-454 -396 106 ) (-454 -402 106 ) 
4 163 172 (-538 -422 112 ) (-538 -422 224 ) (-538 -402 224 ) (-538 -402 112 ) 
4 163 168 (-538 -422 224 ) (-538 -422 112 ) (-454 -422 112 ) (-454 -422 224 ) 
4 164 171 (-538 0 32 ) (-538 -396 32 ) (-538 -396 106 ) (-538 0 106 ) 
4 164 165 (-454 -396 32 ) (-454 -396 106 ) (-538 -396 106 ) (-538 -396 32 ) 
4 165 167 (-454 -402 32 ) (-454 -402 38 ) (-538 -402 38 ) (-538 -402 32 ) 
4 165 166 (-454 -402 38 ) (-454 -402 106 ) (-538 -402 106 ) (-538 -402 38 ) 
4 166 169 (-538 -422 106 ) (-538 -422 38 ) (-454 -422 38 ) (-454 -422 106 ) 
4 166 167 (-454 -422 38 ) (-538 -422 38 ) (-538 -402 38 ) (-454 -402 38 ) 
4 167 169 (-538 -422 38 ) (-538 -422 32 ) (-454 -422 32 ) (-454 -422 38 ) 
4 168 172 (-538 -428 112 ) (-538 -428 224 ) (-538 -422 224 ) (-538 -422 112 ) 
4 168 170 (-538 -428 224 ) (-538 -428 112 ) (-454 -428 112 ) (-454 -428 224 ) 
4 168 169 (-454 -428 112 ) (-538 -428 112 ) (-538 -422 112 ) (-454 -422 112 ) 
4 169 170 (-538 -428 112 ) (-538 -428 32 ) (-454 -428 32 ) (-454 -428 112 ) 
4 170 173 (-538 -428 32 ) (-538 -812 32 ) (-538 -812 224 ) (-538 -428 224 ) 
4 171 174 (-544 0 32 ) (-544 -396 32 ) (-544 -396 224 ) (-544 0 224 ) 
4 171 172 (-544 -396 224 ) (-544 -396 112 ) (-538 -396 112 ) (-538 -396 224 ) 
4 172 174 (-544 -428 112 ) (-544 -428 224 ) (-544 -396 224 ) (-544 -396 112 ) 
4 172 173 (-544 -428 224 ) (-544 -428 112 ) (-538 -428 112 ) (-538 -428 224 ) 
4 173 174 (-544 -428 32 ) (-544 -812 32 ) (-544 -812 224 ) (-544 -428 224 ) 
